android/app/build/intermediates/manifest_merge_blame_file/release/manifest-merger-blame-release-report.txt
1<?xml version="1.0" encoding="utf-8"?>
2<manifest xmlns:android="http://schemas.android.com/apk/res/android"
3    package="com.digitalanalytcis"
4    android:versionCode="1"
5    android:versionName="1.0" >
6
7    <uses-sdk
8        android:minSdkVersion="21"
8-->src/main/AndroidManifest.xml
9        android:targetSdkVersion="33" />
9-->src/main/AndroidManifest.xml
10
11    <uses-permission android:name="android.permission.INTERNET" />
11-->src/main/AndroidManifest.xml:3:5-67
11-->src/main/AndroidManifest.xml:3:22-64
12    <uses-permission android:name="android.permission.CAMERA" />
12-->src/main/AndroidManifest.xml:4:5-64
12-->src/main/AndroidManifest.xml:4:22-62
13    <uses-permission android:name="android.permission.WRITE_EXTERNAL_STORAGE" />
13-->src/main/AndroidManifest.xml:5:5-80
13-->src/main/AndroidManifest.xml:5:22-78
14    <uses-permission android:name="android.permission.READ_EXTERNAL_STORAGE" />
14-->src/main/AndroidManifest.xml:6:5-80
14-->src/main/AndroidManifest.xml:6:22-77
15
16    <queries>
16-->[:react-native-image-crop-picker] AndroidManifest.xml:7:5-11:15
17        <intent>
17-->[:react-native-image-crop-picker] AndroidManifest.xml:8:9-10:18
18            <action android:name="android.media.action.IMAGE_CAPTURE" />
18-->[:react-native-image-crop-picker] AndroidManifest.xml:9:13-73
18-->[:react-native-image-crop-picker] AndroidManifest.xml:9:21-70
19        </intent>
20    </queries>
21
22    <application
22-->src/main/AndroidManifest.xml:8:5-27:19
23        android:name="com.digitalanalytcis.MainApplication"
23-->src/main/AndroidManifest.xml:9:7-38
24        android:allowBackup="false"
24-->src/main/AndroidManifest.xml:13:7-34
25        android:appComponentFactory="androidx.core.app.CoreComponentFactory"
25-->[androidx.core:core:1.8.0] AndroidManifest.xml:24:18-86
26        android:icon="@mipmap/ic_launcher"
26-->src/main/AndroidManifest.xml:11:7-41
27        android:label="@string/app_name"
27-->src/main/AndroidManifest.xml:10:7-39
28        android:roundIcon="@mipmap/ic_launcher_round"
28-->src/main/AndroidManifest.xml:12:7-52
29        android:theme="@style/AppTheme" >
29-->src/main/AndroidManifest.xml:14:7-38
30        <activity
30-->src/main/AndroidManifest.xml:15:7-26:18
31            android:name="com.digitalanalytcis.MainActivity"
31-->src/main/AndroidManifest.xml:16:9-37
32            android:configChanges="keyboard|keyboardHidden|orientation|screenLayout|screenSize|smallestScreenSize|uiMode"
32-->src/main/AndroidManifest.xml:18:9-118
33            android:exported="true"
33-->src/main/AndroidManifest.xml:21:9-32
34            android:label="@string/app_name"
34-->src/main/AndroidManifest.xml:17:9-41
35            android:launchMode="singleTask"
35-->src/main/AndroidManifest.xml:19:9-40
36            android:windowSoftInputMode="adjustResize" >
36-->src/main/AndroidManifest.xml:20:9-51
37            <intent-filter>
37-->src/main/AndroidManifest.xml:22:9-25:25
38                <action android:name="android.intent.action.MAIN" />
38-->src/main/AndroidManifest.xml:23:13-65
38-->src/main/AndroidManifest.xml:23:21-62
39
40                <category android:name="android.intent.category.LAUNCHER" />
40-->src/main/AndroidManifest.xml:24:13-73
40-->src/main/AndroidManifest.xml:24:23-70
41            </intent-filter>
42        </activity>
43
44        <provider
44-->[:react-native-image-crop-picker] AndroidManifest.xml:16:9-24:20
45            android:name="com.reactnative.ivpusic.imagepicker.IvpusicImagePickerFileProvider"
45-->[:react-native-image-crop-picker] AndroidManifest.xml:17:13-94
46            android:authorities="com.digitalanalytcis.provider"
46-->[:react-native-image-crop-picker] AndroidManifest.xml:18:13-60
47            android:exported="false"
47-->[:react-native-image-crop-picker] AndroidManifest.xml:19:13-37
48            android:grantUriPermissions="true" >
48-->[:react-native-image-crop-picker] AndroidManifest.xml:20:13-47
49            <meta-data
49-->[:react-native-image-crop-picker] AndroidManifest.xml:21:13-23:78
50                android:name="android.support.FILE_PROVIDER_PATHS"
50-->[:react-native-image-crop-picker] AndroidManifest.xml:22:17-67
51                android:resource="@xml/ivpusic_imagepicker_provider_paths" />
51-->[:react-native-image-crop-picker] AndroidManifest.xml:23:17-75
52        </provider>
53
54        <activity
54-->[:react-native-image-crop-picker] AndroidManifest.xml:26:9-28:72
55            android:name="com.yalantis.ucrop.UCropActivity"
55-->[:react-native-image-crop-picker] AndroidManifest.xml:27:13-60
56            android:theme="@style/Theme.AppCompat.Light.NoActionBar" />
56-->[:react-native-image-crop-picker] AndroidManifest.xml:28:13-69
57
58        <provider
58-->[androidx.emoji2:emoji2:1.2.0] AndroidManifest.xml:24:9-32:20
59            android:name="androidx.startup.InitializationProvider"
59-->[androidx.emoji2:emoji2:1.2.0] AndroidManifest.xml:25:13-67
60            android:authorities="com.digitalanalytcis.androidx-startup"
60-->[androidx.emoji2:emoji2:1.2.0] AndroidManifest.xml:26:13-68
61            android:exported="false" >
61-->[androidx.emoji2:emoji2:1.2.0] AndroidManifest.xml:27:13-37
62            <meta-data
62-->[androidx.emoji2:emoji2:1.2.0] AndroidManifest.xml:29:13-31:52
63                android:name="androidx.emoji2.text.EmojiCompatInitializer"
63-->[androidx.emoji2:emoji2:1.2.0] AndroidManifest.xml:30:17-75
64                android:value="androidx.startup" />
64-->[androidx.emoji2:emoji2:1.2.0] AndroidManifest.xml:31:17-49
65            <meta-data
65-->[androidx.lifecycle:lifecycle-process:2.4.1] AndroidManifest.xml:31:13-33:52
66                android:name="androidx.lifecycle.ProcessLifecycleInitializer"
66-->[androidx.lifecycle:lifecycle-process:2.4.1] AndroidManifest.xml:32:17-78
67                android:value="androidx.startup" />
67-->[androidx.lifecycle:lifecycle-process:2.4.1] AndroidManifest.xml:33:17-49
68        </provider>
69
70        <meta-data
70-->[com.facebook.soloader:soloader:0.10.5] AndroidManifest.xml:12:9-14:37
71            android:name="com.facebook.soloader.enabled"
71-->[com.facebook.soloader:soloader:0.10.5] AndroidManifest.xml:13:13-57
72            android:value="false" />
72-->[com.facebook.soloader:soloader:0.10.5] AndroidManifest.xml:14:13-34
73    </application>
74
75</manifest>